<?xml version="1.0" encoding="utf-8"?><testsuites name="pytest tests"><testsuite name="pytest" errors="0" failures="0" skipped="0" tests="561" time="110.581" timestamp="2026-09-11T04:22:03.621474+00:00" hostname="runnervmlun5p"><testcase classname="tests.reliability.test_telemetry_portability" name="test_battery_provider_errors_are_explicit_not_crashes[exc0]" time="0.001" /><testcase classname="tests.reliability.test_telemetry_portability" name="test_battery_provider_errors_are_explicit_not_crashes[exc1]" time="0.001" /><testcase classname="tests.reliability.test_telemetry_portability" name="test_battery_provider_errors_are_explicit_not_crashes[exc2]" time="0.000" /><testcase classname="tests.reliability.test_telemetry_portability" name="test_invalid_battery_values_not_measurements[nan]" time="0.000" /><testcase classname="tests.reliability.test_telemetry_portability" name="test_invalid_battery_values_not_measurements[inf]" time="0.000" /><testcase classname="tests.reliability.test_telemetry_portability" name="test_invalid_battery_values_not_measurements[-1.0]" time="0.000" /><testcase classname="tests.reliability.test_telemetry_portability" name="test_invalid_battery_values_not_measurements[101.0]" time="0.000" /><testcase classname="tests.reliability.test_telemetry_portability" name="test_invalid_battery_values_not_measurements[bad]" time="0.000" /><testcase classname="tests.reliability.test_telemetry_portability" name="test_observed_absent_optional_provider" time="0.000" /><testcase classname="tests.test_arc" name="test_param_free_rules_are_exact_across_demos_and_test" time="0.008" /><testcase classname="tests.test_arc" name="test_gravity_pulls_nonzero_down" time="0.000" /><testcase classname="tests.test_arc" name="test_recolor_is_one_globally_consistent_permutation" time="0.001" /><testcase classname="tests.test_arc" name="test_serialization_is_few_shot_with_masked_answer_cell" time="0.000" /><testcase classname="tests.test_arc" name="test_build_fewshot_arrays" time="0.001" /><testcase classname="tests.test_augment" name="test_sudoku_augmentation_preserves_validity_and_clues" time="0.029" /><testcase classname="tests.test_augment" name="test_sudoku_transform_is_invertible_on_solution" time="0.002" /><testcase classname="tests.test_augment" name="test_maze_augmentation_preserves_path" time="0.003" /><testcase classname="tests.test_data_maze" name="test_generate_maze_is_solvable" time="0.007" /><testcase classname="tests.test_data_maze" name="test_generate_maze_rejects_even_dims" time="0.000" /><testcase classname="tests.test_data_maze" name="test_is_valid_path_rejects_bad_paths" time="0.001" /><testcase classname="tests.test_data_maze" name="test_target_marks_path_tokens" time="0.001" /><testcase classname="tests.test_data_maze" name="test_generate_pair_token_ranges" time="0.001" /><testcase classname="tests.test_data_sudoku" name="test_generate_solution_is_valid_and_complete[2]" time="0.006" /><testcase classname="tests.test_data_sudoku" name="test_generate_solution_is_valid_and_complete[3]" time="0.032" /><testcase classname="tests.test_data_sudoku" name="test_validators_detect_violations" time="0.001" /><testcase classname="tests.test_data_sudoku" name="test_solve_recovers_a_valid_completion[2]" time="0.002" /><testcase classname="tests.test_data_sudoku" name="test_solve_recovers_a_valid_completion[3]" time="0.012" /><testcase classname="tests.test_data_sudoku" name="test_make_puzzle_is_unique_and_consistent" time="0.012" /><testcase classname="tests.test_data_sudoku" name="test_count_solutions_detects_ambiguity" time="0.000" /><testcase classname="tests.test_data_tasks" name="test_smarthome_policy" time="0.000" /><testcase classname="tests.test_data_tasks" name="test_smarthome_safety_false_negative" time="0.000" /><testcase classname="tests.test_data_tasks" name="test_smarthome_pair_encoding" time="0.000" /><testcase classname="tests.test_data_tasks" name="test_arc_transforms" time="0.000" /><testcase classname="tests.test_data_tasks" name="test_arc_recolor_preserves_structure" time="0.001" /><testcase classname="tests.test_data_tasks" name="test_arc_pair_shapes_and_palette" time="0.000" /><testcase classname="tests.test_data_tasks" name="test_babyai_step_moves_agent" time="0.000" /><testcase classname="tests.test_data_tasks" name="test_babyai_step_blocked_by_wall_and_boundary" time="0.000" /><testcase classname="tests.test_data_tasks" name="test_build_dataset_for_new_tasks" time="0.004" /><testcase classname="tests.test_death_traps" name="test_latent_vq_snap_on_codebook_and_idempotent" time="0.003" /><testcase classname="tests.test_death_traps" name="test_latent_vq_bounds_error_while_free_recursion_explodes" time="0.004" /><testcase classname="tests.test_death_traps" name="test_search_batched_uses_virtual_loss_and_batches_the_verifier" time="0.232" /><testcase classname="tests.test_death_traps" name="test_root_visit_policy_is_a_distribution" time="0.240" /><testcase classname="tests.test_death_traps" name="test_alphazero_loss_distils_full_visit_distribution" time="1.051" /><testcase classname="tests.test_death_traps" name="test_cpufreq_pinning_is_graceful" time="0.001" /><testcase classname="tests.test_dispatch_trace" name="test_trace_is_read_only_and_removes_its_hooks" time="0.005" /><testcase classname="tests.test_dispatch_trace" name="test_trace_removes_hooks_even_when_traced_cycle_raises" time="0.003" /><testcase classname="tests.test_dispatch_trace" name="test_trace_preserves_preexisting_hooks" time="0.004" /><testcase classname="tests.test_dispatch_trace" name="test_decomposed_attention_equals_native_without_changing_trace[sudoku_shift]" time="0.004" /><testcase classname="tests.test_dispatch_trace" name="test_decomposed_attention_equals_native_without_changing_trace[maze]" time="0.010" /><testcase classname="tests.test_dispatch_trace" name="test_late_dispatch_selection_fails_closed" time="0.000" /><testcase classname="tests.test_distillation" name="test_system1_forward_and_predict" time="0.004" /><testcase classname="tests.test_distillation" name="test_system1_distillation_gradient" time="0.006" /><testcase classname="tests.test_distillation" name="test_dual_mode_routes_by_confidence" time="0.004" /><testcase classname="tests.test_distillation" name="test_flywheel_admits_only_verified" time="0.048" /><testcase classname="tests.test_edge_benchmark" name="test_benchmark_runs_end_to_end" time="1.543" /><testcase classname="tests.test_edge_benchmark" name="test_recursion_depth_latency_frontier" time="3.010" /><testcase classname="tests.test_edge_benchmark" name="test_system1_is_measured_latency_win" time="0.656" /><testcase classname="tests.test_energy_measurement" name="test_rapl_energy_graceful" time="0.001" /><testcase classname="tests.test_energy_measurement" name="test_cgroup_command_builder" time="0.000" /><testcase classname="tests.test_energy_measurement" name="test_measure_latency_positive" time="0.001" /><testcase classname="tests.test_energy_measurement" name="test_memory_metrics" time="0.002" /><testcase classname="tests.test_energy_measurement" name="test_efficiency_metrics" time="0.000" /><testcase classname="tests.test_energy_measurement" name="test_compute_optimal_frontier" time="0.000" /><testcase classname="tests.test_energy_measurement" name="test_edge_report_without_energy" time="0.000" /><testcase classname="tests.test_energy_measurement" name="test_edge_report_with_energy" time="0.000" /><testcase classname="tests.test_export" name="test_pack_unpack_roundtrip[4]" time="0.001" /><testcase classname="tests.test_export" name="test_pack_unpack_roundtrip[7]" time="0.001" /><testcase classname="tests.test_export" name="test_pack_unpack_roundtrip[16]" time="0.001" /><testcase classname="tests.test_export" name="test_pack_unpack_roundtrip[81]" time="0.001" /><testcase classname="tests.test_export" name="test_pack_unpack_roundtrip[1000]" time="0.001" /><testcase classname="tests.test_export" name="test_pack_preserves_2d_shape" time="0.000" /><testcase classname="tests.test_export" name="test_pack_rejects_non_ternary" time="0.000" /><testcase classname="tests.test_export" name="test_export_reconstruction_is_lossless" time="0.006" /><testcase classname="tests.test_export" name="test_export_summary_two_bits_per_weight" time="0.002" /><testcase classname="tests.test_export" name="test_save_export_writes_npz" time="0.006" /><testcase classname="tests.test_export" name="test_sparse_kernel_adapter_graceful" time="0.000" /><testcase classname="tests.test_export" name="test_onnx_export_graceful_when_unavailable" time="0.002" /><testcase classname="tests.test_fake_bitlinear" name="test_fake_bitlinear_backward" time="0.001" /><testcase classname="tests.test_fake_bitlinear" name="test_fake_bitlinear_ternary_distribution" time="0.001" /><testcase classname="tests.test_fake_bitlinear" name="test_quant_strength_zero_is_full_precision" time="0.001" /><testcase classname="tests.test_fake_bitlinear" name="test_quant_strength_one_is_hard_ternary" time="0.001" /><testcase classname="tests.test_fake_bitlinear" name="test_ternary_stats_sum_to_one" time="0.001" /><testcase classname="tests.test_fidelity" name="test_deep_supervision_matches_blueprint_section17" time="0.002" /><testcase classname="tests.test_fidelity" name="test_kernel_bridge_rejects_fp32_upcast" time="20.832" /><testcase classname="tests.test_fidelity" name="test_dimensional_collapse_detector" time="0.001" /><testcase classname="tests.test_fidelity" name="test_trainconfig_is_driven_by_yaml" time="0.008" /><testcase classname="tests.test_fixed_pool_replay" name="test_independent_pool_matches_production_tensor_by_tensor[spec0]" time="0.183" /><testcase classname="tests.test_fixed_pool_replay" name="test_independent_pool_matches_production_tensor_by_tensor[spec1]" time="0.338" /><testcase classname="tests.test_fixed_pool_replay" name="test_replay_never_accepts_corrupted_or_incomplete_records[missing]" time="0.001" /><testcase classname="tests.test_fixed_pool_replay" name="test_replay_never_accepts_corrupted_or_incomplete_records[extra]" time="0.001" /><testcase classname="tests.test_fixed_pool_replay" name="test_replay_never_accepts_corrupted_or_incomplete_records[duplicate]" time="0.001" /><testcase classname="tests.test_fixed_pool_replay" name="test_replay_never_accepts_corrupted_or_incomplete_records[label]" time="0.001" /><testcase classname="tests.test_fixed_pool_replay" name="test_replay_never_accepts_corrupted_or_incomplete_records[quality]" time="0.001" /><testcase classname="tests.test_fixed_pool_replay" name="test_replay_never_accepts_corrupted_or_incomplete_records[head]" time="0.001" /><testcase classname="tests.test_fixed_pool_replay" name="test_replay_never_accepts_corrupted_or_incomplete_records[score]" time="0.001" /><testcase classname="tests.test_fixed_pool_replay" name="test_replay_never_accepts_corrupted_or_incomplete_records[selection]" time="0.001" /><testcase classname="tests.test_fixed_pool_replay" name="test_replay_never_accepts_corrupted_or_incomplete_records[order]" time="0.001" /><testcase classname="tests.test_fixed_pool_replay" name="test_replay_never_accepts_corrupted_or_incomplete_records[task]" time="0.001" /><testcase classname="tests.test_fixed_pool_replay" name="test_replay_never_accepts_corrupted_or_incomplete_records[reference]" time="0.001" /><testcase classname="tests.test_fixed_pool_replay" name="test_replay_never_accepts_corrupted_or_incomplete_records[nan]" time="0.001" /><testcase classname="tests.test_fixed_pool_replay" name="test_roundoff_allowance_never_permits_a_changed_tie_break" time="0.001" /><testcase classname="tests.test_fixed_pool_replay" name="test_numpy_decode_preserves_frozen_argmax_and_restoration[spec0]" time="0.002" /><testcase classname="tests.test_fixed_pool_replay" name="test_numpy_decode_preserves_frozen_argmax_and_restoration[spec1]" time="0.002" /><testcase classname="tests.test_fixed_pool_replay" name="test_maze_restoration_reduces_quality_to_three_levels" time="0.002" /><testcase classname="tests.test_fixed_pool_replay" name="test_frozen_inputs_reject_changed_content_without_generating_data" time="0.002" /><testcase classname="tests.test_fixed_pool_replay_boundaries" name="test_maze_improvement_identity_does_not_extend_to_adjacent_endpoints" time="0.001" /><testcase classname="tests.test_flywheel" name="test_curriculum_targets_the_zpd_frontier" time="0.001" /><testcase classname="tests.test_flywheel" name="test_curriculum_advances_as_system1_improves" time="0.000" /><testcase classname="tests.test_flywheel" name="test_flywheel_buffer_reservoir_retains_easy_after_hard" time="0.001" /><testcase classname="tests.test_flywheel" name="test_flywheel_buffer_stratified_sampling_mixes_difficulties" time="0.001" /><testcase classname="tests.test_flywheel" name="test_adversarial_validator_catches_clever_hans" time="0.026" /><testcase classname="tests.test_halting" name="test_device_state_to_tensor_normalises" time="0.000" /><testcase classname="tests.test_halting" name="test_compute_penalty_higher_under_low_budget" time="0.001" /><testcase classname="tests.test_halting" name="test_halting_policy_and_episode" time="0.002" /><testcase classname="tests.test_halting" name="test_halting_reinforce_gradient" time="0.002" /><testcase classname="tests.test_halting" name="test_run_with_halting_inference" time="0.021" /><testcase classname="tests.test_halting" name="test_telemetry_returns_valid_device_state" time="0.001" /><testcase classname="tests.test_historical_numerics" name="test_vector_and_tail_bmm_equal_independent_libm_fma[shape0]" time="16.049" /><testcase classname="tests.test_historical_numerics" name="test_vector_and_tail_bmm_equal_independent_libm_fma[shape1]" time="0.036" /><testcase classname="tests.test_historical_numerics" name="test_vector_and_tail_bmm_equal_independent_libm_fma[shape2]" time="0.503" /><testcase classname="tests.test_historical_numerics" name="test_vector_and_tail_bmm_equal_independent_libm_fma[shape3]" time="0.002" /><testcase classname="tests.test_historical_numerics" name="test_blocked_linear_adds_bias_between_blocks_not_after_all_products[shape0-128]" time="0.227" /><testcase classname="tests.test_historical_numerics" name="test_blocked_linear_adds_bias_between_blocks_not_after_all_products[shape1-8]" time="0.075" /><testcase classname="tests.test_historical_numerics" name="test_blocked_linear_adds_bias_between_blocks_not_after_all_products[shape2-1]" time="0.002" /><testcase classname="tests.test_historical_numerics" name="test_native_bmm_contract_rejects_malformed_inputs[dtype]" time="0.065" /><testcase classname="tests.test_historical_numerics" name="test_native_bmm_contract_rejects_malformed_inputs[rank]" time="0.001" /><testcase classname="tests.test_historical_numerics" name="test_native_bmm_contract_rejects_malformed_inputs[stride]" time="0.000" /><testcase classname="tests.test_historical_numerics" name="test_native_bmm_contract_rejects_malformed_inputs[empty]" time="0.000" /><testcase classname="tests.test_historical_numerics" name="test_native_bmm_contract_rejects_malformed_inputs[requires_grad]" time="0.000" /><testcase classname="tests.test_historical_numerics" name="test_native_bmm_contract_rejects_malformed_inputs[geometry]" time="0.000" /><testcase classname="tests.test_historical_numerics" name="test_native_linear_rejects_invalid_reduction_block[0]" time="0.000" /><testcase classname="tests.test_historical_numerics" name="test_native_linear_rejects_invalid_reduction_block[-1]" time="0.000" /><testcase classname="tests.test_historical_numerics" name="test_native_linear_rejects_invalid_reduction_block[4]" time="0.000" /><testcase classname="tests.test_historical_numerics" name="test_scope_preserves_state_and_restores_only_its_instance_override[spec0]" time="0.010" /><testcase classname="tests.test_historical_numerics" name="test_scope_preserves_state_and_restores_only_its_instance_override[spec1]" time="0.051" /><testcase classname="tests.test_historical_numerics" name="test_replay_rejects_gradients_wrong_batch_nonfinite_and_masked_attention" time="0.005" /><testcase classname="tests.test_historical_numerics" name="test_unfrozen_core_is_rejected_before_any_override" time="0.001" /><testcase classname="tests.test_int8_activation" name="test_fake_act_quant_ste_gradient" time="0.001" /><testcase classname="tests.test_int8_activation" name="test_fake_act_quant_error_bounded_and_on_grid" time="0.001" /><testcase classname="tests.test_int8_activation" name="test_w1a8_builds_and_trains_step" time="0.294" /><testcase classname="tests.test_integration_evidence" name="test_canonical_tar_preserves_exact_negative_result" time="0.002" /><testcase classname="tests.test_integration_evidence" name="test_invalid_archive_never_reports_integrity_pass[changed]" time="0.001" /><testcase classname="tests.test_integration_evidence" name="test_invalid_archive_never_reports_integrity_pass[missing]" time="0.001" /><testcase classname="tests.test_integration_evidence" name="test_invalid_archive_never_reports_integrity_pass[extra]" time="0.002" /><testcase classname="tests.test_integration_evidence" name="test_invalid_archive_never_reports_integrity_pass[duplicate]" time="0.001" /><testcase classname="tests.test_integration_evidence" name="test_invalid_archive_never_reports_integrity_pass[traversal]" time="0.001" /><testcase classname="tests.test_integration_evidence" name="test_invalid_archive_never_reports_integrity_pass[symlink]" time="0.001" /><testcase classname="tests.test_integration_evidence" name="test_invalid_archive_never_reports_integrity_pass[inventory]" time="0.001" /><testcase classname="tests.test_integration_evidence" name="test_zip_requires_both_container_and_inventory_identity" time="0.001" /><testcase classname="tests.test_integration_measurements" name="test_invalid_latencies_cannot_produce_a_result[nan-16]" time="0.001" /><testcase classname="tests.test_integration_measurements" name="test_invalid_latencies_cannot_produce_a_result[nan-17]" time="0.001" /><testcase classname="tests.test_integration_measurements" name="test_invalid_latencies_cannot_produce_a_result[inf-16]" time="0.001" /><testcase classname="tests.test_integration_measurements" name="test_invalid_latencies_cannot_produce_a_result[inf-17]" time="0.001" /><testcase classname="tests.test_integration_measurements" name="test_invalid_latencies_cannot_produce_a_result[-1.0-16]" time="0.001" /><testcase classname="tests.test_integration_measurements" name="test_invalid_latencies_cannot_produce_a_result[-1.0-17]" time="0.001" /><testcase classname="tests.test_integration_measurements" name="test_invalid_latencies_cannot_produce_a_result[0.0-16]" time="0.001" /><testcase classname="tests.test_integration_measurements" name="test_invalid_latencies_cannot_produce_a_result[0.0-17]" time="0.001" /><testcase classname="tests.test_integration_measurements" name="test_invalid_latencies_cannot_produce_a_result[True-16]" time="0.001" /><testcase classname="tests.test_integration_measurements" name="test_invalid_latencies_cannot_produce_a_result[True-17]" time="0.001" /><testcase classname="tests.test_integration_measurements" name="test_invalid_latencies_cannot_produce_a_result[1-16]" time="0.001" /><testcase classname="tests.test_integration_measurements" name="test_invalid_latencies_cannot_produce_a_result[1-17]" time="0.001" /><testcase classname="tests.test_integration_measurements" name="test_malformed_timing_inventories_fail_closed[duplicate-16]" time="0.001" /><testcase classname="tests.test_integration_measurements" name="test_malformed_timing_inventories_fail_closed[duplicate-17]" time="0.001" /><testcase classname="tests.test_integration_measurements" name="test_malformed_timing_inventories_fail_closed[missing-16]" time="0.001" /><testcase classname="tests.test_integration_measurements" name="test_malformed_timing_inventories_fail_closed[missing-17]" time="0.001" /><testcase classname="tests.test_integration_measurements" name="test_malformed_timing_inventories_fail_closed[bool_round-16]" time="0.001" /><testcase classname="tests.test_integration_measurements" name="test_malformed_timing_inventories_fail_closed[bool_round-17]" time="0.001" /><testcase classname="tests.test_integration_measurements" name="test_malformed_timing_inventories_fail_closed[soft_valid-16]" time="0.001" /><testcase classname="tests.test_integration_measurements" name="test_malformed_timing_inventories_fail_closed[soft_valid-17]" time="0.001" /><testcase classname="tests.test_integration_measurements" name="test_malformed_timing_inventories_fail_closed[changed_valid-16]" time="0.001" /><testcase classname="tests.test_integration_measurements" name="test_malformed_timing_inventories_fail_closed[changed_valid-17]" time="0.001" /><testcase classname="tests.test_integration_measurements" name="test_malformed_timing_inventories_fail_closed[empty-16]" time="0.000" /><testcase classname="tests.test_integration_measurements" name="test_malformed_timing_inventories_fail_closed[empty-17]" time="0.000" /><testcase classname="tests.test_integration_measurements" name="test_malformed_timing_inventories_fail_closed[missing_arm-16]" time="0.001" /><testcase classname="tests.test_integration_measurements" name="test_malformed_timing_inventories_fail_closed[missing_arm-17]" time="0.001" /><testcase classname="tests.test_integration_measurements" name="test_correct_matched_measurements_keep_the_original_effect" time="0.067" /><testcase classname="tests.test_integration_native_geometry" name="test_native_handle_rejects_extreme_hidden_geometry[9223372036854775807]" time="19.877" /><testcase classname="tests.test_integration_native_geometry" name="test_native_handle_rejects_extreme_hidden_geometry[9223372036854775806]" time="0.001" /><testcase classname="tests.test_integration_native_geometry" name="test_native_handle_rejects_extreme_hidden_geometry[9223372036854775805]" time="0.000" /><testcase classname="tests.test_integration_search_ownership" name="test_in_place_transition_does_not_corrupt_sibling_or_caller_state" time="0.000" /><testcase classname="tests.test_integration_search_ownership" name="test_reused_transition_scratch_cannot_change_queued_nodes[1]" time="0.000" /><testcase classname="tests.test_integration_search_ownership" name="test_reused_transition_scratch_cannot_change_queued_nodes[2]" time="0.001" /><testcase classname="tests.test_integration_search_ownership" name="test_reused_transition_scratch_cannot_change_queued_nodes[3]" time="0.001" /><testcase classname="tests.test_integration_search_ownership" name="test_reused_transition_scratch_cannot_change_queued_nodes[4]" time="0.001" /><testcase classname="tests.test_integration_search_ownership" name="test_mutating_decode_and_value_receive_no_stored_node_alias" time="0.000" /><testcase classname="tests.test_integration_search_ownership" name="test_checker_retaining_argument_cannot_later_mutate_incumbent" time="0.000" /><testcase classname="tests.test_integration_search_ownership" name="test_value_contract_identifiers_are_nonempty_strings[1-transition_id]" time="0.000" /><testcase classname="tests.test_integration_search_ownership" name="test_value_contract_identifiers_are_nonempty_strings[1-state_schema]" time="0.001" /><testcase classname="tests.test_integration_search_ownership" name="test_value_contract_identifiers_are_nonempty_strings[True-transition_id]" time="0.000" /><testcase classname="tests.test_integration_search_ownership" name="test_value_contract_identifiers_are_nonempty_strings[True-state_schema]" time="0.000" /><testcase classname="tests.test_integration_search_ownership" name="test_value_contract_identifiers_are_nonempty_strings[value2-transition_id]" time="0.000" /><testcase classname="tests.test_integration_search_ownership" name="test_value_contract_identifiers_are_nonempty_strings[value2-state_schema]" time="0.000" /><testcase classname="tests.test_integration_search_ownership" name="test_value_contract_identifiers_are_nonempty_strings[None-transition_id]" time="0.000" /><testcase classname="tests.test_integration_search_ownership" name="test_value_contract_identifiers_are_nonempty_strings[None-state_schema]" time="0.000" /><testcase classname="tests.test_integration_search_ownership" name="test_value_contract_identifiers_are_nonempty_strings[-transition_id]" time="0.000" /><testcase classname="tests.test_integration_search_ownership" name="test_value_contract_identifiers_are_nonempty_strings[-state_schema]" time="0.000" /><testcase classname="tests.test_kernel" name="test_kernel_avx2_matches_scalar_and_pytorch" time="4.520" /><testcase classname="tests.test_kernel" name="test_fused_ternary_ffn_matches_reference" time="0.714" /><testcase classname="tests.test_kernel" name="test_weight_stationary_recursion_gemv_matches_reference" time="0.710" /><testcase classname="tests.test_kernel" name="test_torch_extension_loader_is_graceful" time="0.000" /><testcase classname="tests.test_kernel_contract" name="test_reported_int8_min_negation_case[False]" time="0.218" /><testcase classname="tests.test_kernel_contract" name="test_reported_int8_min_negation_case[True]" time="0.636" /><testcase classname="tests.test_kernel_contract" name="test_all_int8_values_all_ternary_signs_against_wide_reference[False]" time="0.223" /><testcase classname="tests.test_kernel_contract" name="test_all_int8_values_all_ternary_signs_against_wide_reference[True]" time="0.648" /><testcase classname="tests.test_kernel_contract" name="test_saturation_tails_frozen_zero_active_and_duplicates[False]" time="0.220" /><testcase classname="tests.test_kernel_contract" name="test_saturation_tails_frozen_zero_active_and_duplicates[True]" time="0.639" /><testcase classname="tests.test_kernel_contract" name="test_native_contract_rejects_bad_lengths_indices_shift_weights_and_multiplier[False]" time="0.219" /><testcase classname="tests.test_kernel_contract" name="test_native_contract_rejects_bad_lengths_indices_shift_weights_and_multiplier[True]" time="0.635" /><testcase classname="tests.test_kernel_contract" name="test_row_packer_has_independent_zero_padding" time="0.000" /><testcase classname="tests.test_kernel_contract" name="test_public_python_contract_rejects_device_dtype_shape_contiguity_lengths_and_scales" time="0.001" /><testcase classname="tests.test_kernel_contract" name="test_native_extension_boundary_rechecks_inputs_when_available" time="0.001" /><testcase classname="tests.test_kernel_contract" name="test_backend_detection_and_failure_visibility" time="0.001" /><testcase classname="tests.test_latent_mcts_native" name="test_latent_energy_verifier_scores_latent_without_decoding" time="0.003" /><testcase classname="tests.test_latent_mcts_native" name="test_latent_energy_verifier_learns_to_rank_latents" time="3.204" /><testcase classname="tests.test_latent_mcts_native" name="test_action_codebook_is_principled" time="0.001" /><testcase classname="tests.test_latent_mcts_native" name="test_latent_mcts_never_decodes_during_search" time="0.297" /><testcase classname="tests.test_latent_mcts_native" name="test_latent_is_int8_while_search_stats_are_fp" time="0.100" /><testcase classname="tests.test_latent_mcts_native" name="test_ensemble_exposes_epistemic_uncertainty" time="0.011" /><testcase classname="tests.test_latent_mcts_native" name="test_mcts_lcb_penalizes_uncertain_branches" time="0.217" /><testcase classname="tests.test_lazy_router" name="test_masked_recursion_freezes_tokens" time="0.010" /><testcase classname="tests.test_lazy_router" name="test_confidence_router_freezes_confident_tokens" time="0.000" /><testcase classname="tests.test_lazy_router" name="test_rl_router_actions_and_reinforce_gradient" time="0.002" /><testcase classname="tests.test_m02_acceptance_gate" name="test_acceptance_native_paths_match_independent_reference[False]" time="0.242" /><testcase classname="tests.test_m02_acceptance_gate" name="test_acceptance_native_paths_match_independent_reference[True]" time="0.660" /><testcase classname="tests.test_m02_acceptance_gate" name="test_acceptance_invalid_native_calls_do_no_compute_or_scatter[False]" time="0.217" /><testcase classname="tests.test_m02_acceptance_gate" name="test_acceptance_invalid_native_calls_do_no_compute_or_scatter[True]" time="0.650" /><testcase classname="tests.test_m02_acceptance_gate" name="test_acceptance_public_invalid_calls_never_reach_native_backend" time="0.001" /><testcase classname="tests.test_m02_acceptance_gate" name="test_acceptance_reported_edge_case_is_frozen_regression" time="0.000" /><testcase classname="tests.test_m03_task_data_contract" name="test_retained_configs_match_generated_shapes_vocab_padding_and_masks[config/sudoku.yaml]" time="0.093" /><testcase classname="tests.test_m03_task_data_contract" name="test_retained_configs_match_generated_shapes_vocab_padding_and_masks[config/maze.yaml]" time="0.010" /><testcase classname="tests.test_m03_task_data_contract" name="test_retained_configs_match_generated_shapes_vocab_padding_and_masks[config/arc.yaml]" time="0.006" /><testcase classname="tests.test_m03_task_data_contract" name="test_retained_configs_match_generated_shapes_vocab_padding_and_masks[config/babyai.yaml]" time="0.005" /><testcase classname="tests.test_m03_task_data_contract" name="test_retained_configs_match_generated_shapes_vocab_padding_and_masks[config/smarthome.yaml]" time="0.005" /><testcase classname="tests.test_m03_task_data_contract" name="test_arc_config_no_longer_silently_builds_10x10" time="0.005" /><testcase classname="tests.test_m03_task_data_contract" name="test_manifest_reproducibility_separate_streams_and_duplicate_audit" time="0.195" /><testcase classname="tests.test_m03_task_data_contract" name="test_sudoku_numpy_validator_rejects_malformed_domain_and_contradictions" time="0.001" /><testcase classname="tests.test_m03_task_data_contract" name="test_sudoku_numpy_tensor_validator_crosscheck" time="0.013" /><testcase classname="tests.test_m03_task_data_contract" name="test_randomized_sudoku_generation_is_not_one_fixed_completed_board" time="0.020" /><testcase classname="tests.test_m03_task_data_contract" name="test_maze_success_checks_connectivity_walls_and_optimality" time="0.001" /><testcase classname="tests.test_m03_task_data_contract" name="test_generated_unsolved_maze_copy_is_not_semantic_success" time="0.002" /><testcase classname="tests.test_m03_task_data_contract" name="test_metrics_separate_reference_match_semantic_validity_and_blank_accuracy" time="0.002" /><testcase classname="tests.test_m03_validator_parity" name="test_sudoku_numpy_tensor_both_reject_float_grid_representation" time="0.002" /><testcase classname="tests.test_m04_repro_checkpoint" name="test_same_seed_starts_from_identical_weights" time="0.103" /><testcase classname="tests.test_m04_repro_checkpoint" name="test_cpu_reference_precision_is_explicit_and_fp16_label_cannot_fake_cpu" time="0.102" /><testcase classname="tests.test_m04_repro_checkpoint" name="test_validation_is_bounded" time="0.059" /><testcase classname="tests.test_m04_repro_checkpoint" name="test_checkpoint_schema_quant_state_and_atomic_write" time="0.097" /><testcase classname="tests.test_m04_repro_checkpoint" name="test_legacy_checkpoint_migrates_weights_only_and_never_fakes_ema" time="0.117" /><testcase classname="tests.test_m04_repro_checkpoint" name="test_interrupted_resume_matches_uninterrupted_cpu_reference" time="0.313" /><testcase classname="tests.test_m04_repro_checkpoint" name="test_ternary_resume_restores_quantization_state_and_continuation" time="0.401" /><testcase classname="tests.test_m04_repro_checkpoint" name="test_nonfinite_loss_fails_before_optimizer_step" time="0.054" /><testcase classname="tests.test_m05_checkpoint_eval" name="test_research_checkpoint_is_required_and_legacy_weights_are_rejected" time="0.021" /><testcase classname="tests.test_m05_checkpoint_eval" name="test_zero_step_checkpoint_is_not_a_research_checkpoint" time="0.035" /><testcase classname="tests.test_m05_checkpoint_eval" name="test_immutable_manifest_roundtrip_and_tamper_detection" time="0.103" /><testcase classname="tests.test_m05_checkpoint_eval" name="test_checkpoint_restores_recorded_family_flags_params_ema_quant_and_eval_mode" time="0.106" /><testcase classname="tests.test_m05_checkpoint_eval" name="test_manifest_task_config_mismatch_is_rejected_even_with_valid_digest" time="0.103" /><testcase classname="tests.test_m05_checkpoint_eval" name="test_random_init_scaling_requires_explicit_smoke_flag" time="0.000" /><testcase classname="tests.test_m05_checkpoint_eval" name="test_learned_search_requires_both_trained_compatible_auxiliaries" time="0.101" /><testcase classname="tests.test_m05_checkpoint_eval" name="test_incompatible_auxiliary_core_hash_is_rejected" time="0.120" /><testcase classname="tests.test_m05_checkpoint_eval" name="test_search_rejects_ignored_nsup_rng_and_uncertainty_knobs" time="0.115" /><testcase classname="tests.test_m05_checkpoint_eval" name="test_learned_search_emits_realized_counts_and_provenance_per_example" time="0.130" /><testcase classname="tests.test_m05_checkpoint_eval" name="test_greedy_fixed_manifest_changes_only_realized_nsup_compute" time="0.112" /><testcase classname="tests.test_m05_checkpoint_eval" name="test_acceptance_every_learned_research_summary_identifies_trained_artifacts_and_execution" time="0.140" /><testcase classname="tests.test_m05_checkpoint_eval" name="test_acceptance_compute_knobs_change_intended_realized_computation" time="0.149" /><testcase classname="tests.test_m07_grounded_verifier" name="test_grounded_target_api_has_no_reference_answer_argument" time="0.000" /><testcase classname="tests.test_m07_grounded_verifier" name="test_grounded_target_keeps_reasoner_frozen_and_binary" time="0.005" /><testcase classname="tests.test_m07_grounded_verifier" name="test_target_rejects_unfrozen_reasoner" time="0.002" /><testcase classname="tests.test_m07_grounded_verifier" name="test_full_state_verifier_requires_y_and_versions_representation" time="0.002" /><testcase classname="tests.test_m07_grounded_verifier" name="test_grounded_loss_rejects_nonbinary_targets" time="0.001" /><testcase classname="tests.test_m07_grounded_verifier" name="test_checkpoint_binds_grounding_representation_and_exact_core" time="0.019" /><testcase classname="tests.test_m07_grounded_verifier" name="test_checkpoint_refuses_circular_or_leaky_grounding" time="0.003" /><testcase classname="tests.test_m07_grounded_verifier" name="test_z_only_ablation_cannot_be_saved_as_accepted_grounded_verifier" time="0.003" /><testcase classname="tests.test_m07_grounded_verifier" name="test_grounded_mcts_value_receives_node_y_and_z" time="0.001" /><testcase classname="tests.test_m07_grounded_verifier" name="test_grounded_mcts_refuses_legacy_batched_z_only_path" time="0.000" /><testcase classname="tests.test_m07_grounded_verifier" name="test_mcts_backup_provenance_is_explicitly_bootstrapped" time="0.000" /><testcase classname="tests.test_m08_mcts_reference" name="test_frozen_reference_tree_matches_hand_computed_contract" time="0.000" /><testcase classname="tests.test_m08_mcts_reference" name="test_batched_rollout_budget_edges_are_exact[0-expected_batches0]" time="0.001" /><testcase classname="tests.test_m08_mcts_reference" name="test_batched_rollout_budget_edges_are_exact[1-expected_batches1]" time="0.001" /><testcase classname="tests.test_m08_mcts_reference" name="test_batched_rollout_budget_edges_are_exact[3-expected_batches2]" time="0.002" /><testcase classname="tests.test_m08_mcts_reference" name="test_batched_rollout_budget_edges_are_exact[4-expected_batches3]" time="0.002" /><testcase classname="tests.test_m08_mcts_reference" name="test_batched_rollout_budget_edges_are_exact[5-expected_batches4]" time="0.002" /><testcase classname="tests.test_m08_mcts_reference" name="test_batched_rollout_budget_edges_are_exact[8-expected_batches5]" time="0.002" /><testcase classname="tests.test_m08_mcts_reference" name="test_zero_search_decodes_the_ordinary_greedy_final_state" time="0.001" /><testcase classname="tests.test_m08_mcts_reference" name="test_initial_expansion_and_all_transition_work_are_counted" time="0.001" /><testcase classname="tests.test_m08_mcts_reference" name="test_horizon_prevents_deeper_children_and_bounds_work" time="0.001" /><testcase classname="tests.test_m08_mcts_reference" name="test_exact_ties_choose_lowest_action_deterministically" time="0.001" /><testcase classname="tests.test_m08_mcts_reference" name="test_batch_size_one_matches_serial_tree_and_output" time="0.003" /><testcase classname="tests.test_m08_mcts_reference" name="test_larger_batch_claims_only_invariants_not_serial_trajectory_identity" time="0.002" /><testcase classname="tests.test_m08_mcts_reference" name="test_virtual_loss_is_cleaned_when_batched_verifier_raises" time="0.002" /><testcase classname="tests.test_m08_mcts_reference" name="test_repeated_calls_reset_tree_and_stats" time="0.002" /><testcase classname="tests.test_m08_mcts_reference" name="test_tree_export_contains_stable_state_and_trajectory_metadata" time="0.002" /><testcase classname="tests.test_m08_mcts_reference" name="test_invalid_arguments_are_rejected" time="0.001" /><testcase classname="tests.test_m08_virtual_loss_exception" name="test_virtual_loss_cleanup_when_leaf_expansion_raises" time="0.001" /><testcase classname="tests.test_m09_challenger" name="test_challenger_prior_is_identity_plus_one_state_challenger" time="0.002" /><testcase classname="tests.test_m09_challenger" name="test_challenger_m08_schedule_is_identity_then_predicted_challenger" time="0.002" /><testcase classname="tests.test_m09_challenger" name="test_challenger_checkpoint_roundtrip" time="0.010" /><testcase classname="tests.test_m09_trained_actions" name="test_legacy_search_is_inference_only_and_does_not_train_codebook" time="0.002" /><testcase classname="tests.test_m09_trained_actions" name="test_m09_optimizer_gives_nonzero_gradients_and_changes_intended_parameters" time="0.003" /><testcase classname="tests.test_m09_trained_actions" name="test_state_conditioning_changes_priors" time="0.002" /><testcase classname="tests.test_m09_trained_actions" name="test_learned_direction_changes_actual_recursive_transition" time="0.004" /><testcase classname="tests.test_m09_trained_actions" name="test_state_conditioned_prior_controls_deterministic_first_selection" time="0.002" /><testcase classname="tests.test_m09_trained_actions" name="test_uniform_legacy_prior_keeps_lowest_action_tie_break" time="0.001" /><testcase classname="tests.test_m09_trained_actions" name="test_action_checkpoint_roundtrip_binds_core_and_optimizer_state" time="0.011" /><testcase classname="tests.test_m09_trained_actions" name="test_action_checkpoint_rejects_incompatible_core" time="0.004" /><testcase classname="tests.test_m09_trained_actions" name="test_action_checkpoint_rejects_reference_leakage" time="0.001" /><testcase classname="tests.test_m09_trained_actions" name="test_greedy_coverage_selection_is_deterministic_and_train_only_math" time="0.001" /><testcase classname="tests.test_m09_trained_actions" name="test_target_utility_builder_has_no_reference_answer_argument" time="0.000" /><testcase classname="tests.test_m09_trained_actions" name="test_benefit_gate_requires_real_improvement_not_training_metadata" time="0.000" /><testcase classname="tests.test_m10_cpu_deployment" name="test_export_rejects_nonternary_and_non_a8" time="0.005" /><testcase classname="tests.test_m10_cpu_deployment" name="test_export_rejects_soft_ternary_state" time="0.003" /><testcase classname="tests.test_m10_cpu_deployment" name="test_artifact_is_self_contained_and_packed_reconstruction_exact" time="0.015" /><testcase classname="tests.test_m10_cpu_deployment" name="test_loader_rejects_reserved_packed_code_and_hash_corruption" time="0.020" /><testcase classname="tests.test_m10_cpu_deployment" name="test_native_dense_linear_matches_hard_fakebitlinear" time="0.016" /><testcase classname="tests.test_m10_cpu_deployment" name="test_runtime_block_cycle_and_full_forward_match_reference" time="0.033" /><testcase classname="tests.test_m10_cpu_deployment" name="test_runtime_backend_report_never_promotes_bitnet_directory" time="0.018" /><testcase classname="tests.test_m10_cpu_deployment" name="test_runtime_rejects_bad_input_contract" time="0.015" /><testcase classname="tests.test_m11_adaptive_execution" name="test_full_density_step_interface_matches_independent_dense_reference" time="0.016" /><testcase classname="tests.test_m11_adaptive_execution" name="test_online_policy_halt_executes_fewer_real_steps_and_matches_truncation" time="0.015" /><testcase classname="tests.test_m11_adaptive_execution" name="test_forced_budget_stop_is_observable_and_truncated" time="0.007" /><testcase classname="tests.test_m11_adaptive_execution" name="test_partial_active_path_matches_dense_masked_reference_and_saves_declared_rows" time="0.007" /><testcase classname="tests.test_m11_adaptive_execution" name="test_all_frozen_skips_recursive_core_and_preserves_state_exactly" time="0.005" /><testcase classname="tests.test_m11_adaptive_execution" name="test_reactivation_policy_allow_vs_sticky_is_explicit" time="0.012" /><testcase classname="tests.test_m11_adaptive_execution" name="test_native_full_density_partial_sparse_and_empty_active_agree_with_reference" time="0.032" /><testcase classname="tests.test_m12_router_halter_rl" name="test_terminal_gae_matches_hand_computation_and_zeros_bootstrap" time="0.001" /><testcase classname="tests.test_m12_router_halter_rl" name="test_time_limit_truncation_bootstraps_but_ends_trace" time="0.001" /><testcase classname="tests.test_m12_router_halter_rl" name="test_mixed_batch_early_terminal_masks_post_episode_slots" time="0.001" /><testcase classname="tests.test_m12_router_halter_rl" name="test_discounted_potential_shaping_terminal_and_truncation_treatment" time="0.001" /><testcase classname="tests.test_m12_router_halter_rl" name="test_forced_action_logprob_has_zero_actor_credit" time="0.001" /><testcase classname="tests.test_m12_router_halter_rl" name="test_historical_halting_helper_does_not_credit_forced_final_stop" time="0.001" /><testcase classname="tests.test_m12_router_halter_rl" name="test_optimizer_gradient_ownership_is_exact" time="0.006" /><testcase classname="tests.test_m12_router_halter_rl" name="test_target_critic_changes_only_via_polyak_and_remains_gradient_free" time="0.001" /><testcase classname="tests.test_m12_router_halter_rl" name="test_strict_m12_checkpoint_roundtrip" time="0.008" /><testcase classname="tests.test_m13_measurement_protocol" name="test_controlled_nested_domains_do_not_double_count" time="0.002" /><testcase classname="tests.test_m13_measurement_protocol" name="test_controlled_valid_zero_is_zero_not_unavailable" time="0.002" /><testcase classname="tests.test_m13_measurement_protocol" name="test_controlled_single_wrap_uses_counter_specific_range" time="0.002" /><testcase classname="tests.test_m13_measurement_protocol" name="test_controlled_nonboundary_decrease_is_reset_or_corrupt_not_zero" time="0.002" /><testcase classname="tests.test_m13_measurement_protocol" name="test_controlled_corrupt_endpoint_and_partial_counter_set_remain_unavailable" time="0.003" /><testcase classname="tests.test_m13_measurement_protocol" name="test_controlled_invalid_discovery_cannot_fabricate_zero" time="0.002" /><testcase classname="tests.test_m13_measurement_protocol" name="test_controlled_out_of_range_counter_is_rejected" time="0.001" /><testcase classname="tests.test_m13_measurement_protocol" name="test_memory_scopes_and_sampled_peak_are_distinct" time="0.003" /><testcase classname="tests.test_m13_measurement_protocol" name="test_operation_convention_is_consistent_and_activation_traffic_is_included" time="0.000" /><testcase classname="tests.test_m13_measurement_protocol" name="test_measurement_environment_has_required_provenance_keys" time="0.002" /><testcase classname="tests.test_m14_attempt2_single_stream" name="test_single_stream_first_step_is_input_conditioned_and_z_stays_zero" time="0.004" /><testcase classname="tests.test_m14_attempt2_single_stream" name="test_single_stream_executes_one_block_application_per_supervision_step" time="0.003" /><testcase classname="tests.test_m14_attempt2_single_stream" name="test_candidate_unused_z_parameters_are_not_optimizer_owned" time="0.003" /><testcase classname="tests.test_m14_attempt2_single_stream" name="test_attempt2_candidate_is_smaller_than_unchanged_primary_baseline" time="0.006" /><testcase classname="tests.test_m14_attempt2_single_stream" name="test_validation_selection_prioritizes_predeclared_tradeoff_path_b" time="0.000" /><testcase classname="tests.test_m14_attempt2_single_stream" name="test_validation_selection_does_not_call_fast_path_iso_latency" time="0.000" /><testcase classname="tests.test_m14_attempt2_single_stream" name="test_attempt2_uses_original_m14_practical_gate_unchanged" time="0.000" /><testcase classname="tests.test_m14_attempt2_single_stream" name="test_candidate_kind_is_explicit_not_literal_n_zero_trm_alias" time="0.002" /><testcase classname="tests.test_m14_attempt3_semantic_early_exit" name="test_semantic_exit_stops_before_later_blocks" time="0.003" /><testcase classname="tests.test_m14_attempt3_semantic_early_exit" name="test_always_invalid_consumes_exact_max_budget" time="0.003" /><testcase classname="tests.test_m14_attempt3_semantic_early_exit" name="test_first_valid_executes_one_block_only" time="0.002" /><testcase classname="tests.test_m14_attempt3_semantic_early_exit" name="test_solver_rejects_batching_and_invalid_budget" time="0.002" /><testcase classname="tests.test_m14_attempt3_semantic_early_exit" name="test_validation_selection_prioritizes_gate_eligible_semantic_exit" time="0.000" /><testcase classname="tests.test_m14_attempt3_semantic_early_exit" name="test_attempt3_keeps_original_practical_gate_exactly" time="0.000" /><testcase classname="tests.test_m14_attempt3_timing_contract" name="test_exact_runtime_records_final_semantic_without_learned_halter" time="0.003" /><testcase classname="tests.test_m14_attempt4_anytime_supervision" name="test_attempt4_weights_are_fixed_exact_reverse_of_historical_schedule" time="0.000" /><testcase classname="tests.test_m14_attempt4_anytime_supervision" name="test_frontloaded_loss_matches_hand_composition" time="0.001" /><testcase classname="tests.test_m14_attempt4_anytime_supervision" name="test_shared_attempt2_training_helper_is_patched_before_use" time="0.000" /><testcase classname="tests.test_m14_attempt4_anytime_supervision" name="test_attempt4_does_not_change_m14_numerical_gate" time="0.000" /><testcase classname="tests.test_m14_attempt5_dual_stream_semantic_exit" name="test_first_valid_executes_exactly_two_shared_block_calls_and_no_halter" time="0.003" /><testcase classname="tests.test_m14_attempt5_dual_stream_semantic_exit" name="test_second_step_only_runs_for_unsolved_tail" time="0.004" /><testcase classname="tests.test_m14_attempt5_dual_stream_semantic_exit" name="test_always_invalid_consumes_exact_selected_budget" time="0.004" /><testcase classname="tests.test_m14_attempt5_dual_stream_semantic_exit" name="test_runtime_rejects_wrong_architecture_or_batch" time="0.003" /><testcase classname="tests.test_m14_attempt5_dual_stream_semantic_exit" name="test_validation_selection_can_choose_high_quality_early_exit_point" time="0.000" /><testcase classname="tests.test_m14_attempt5_dual_stream_semantic_exit" name="test_attempt5_uses_original_later_weight_training_objective_and_gate" time="0.000" /><testcase classname="tests.test_m14_primary_experiment" name="test_data_hierarchy_seeds_are_distinct_and_five_training_seeds" time="0.000" /><testcase classname="tests.test_m14_primary_experiment" name="test_clamp_givens_preserves_observed_cells" time="0.000" /><testcase classname="tests.test_m14_primary_experiment" name="test_symbolic_reference_solves_valid_4x4" time="0.001" /><testcase classname="tests.test_m14_primary_experiment" name="test_candidate_selection_uses_validation_cost_eligibility" time="0.000" /><testcase classname="tests.test_m14_primary_experiment" name="test_practical_gate_quality_superiority_path" time="0.000" /><testcase classname="tests.test_m14_primary_experiment" name="test_practical_gate_predeclared_tradeoff_path" time="0.000" /><testcase classname="tests.test_m14_primary_experiment" name="test_practical_gate_does_not_lower_target_for_fast_but_bad_model" time="0.000" /><testcase classname="tests.test_m14_primary_experiment" name="test_paired_hierarchical_effect_recovers_exact_difference_and_ratio" time="0.028" /><testcase classname="tests.test_m14_primary_experiment" name="test_aggregate_labels_latency_not_budget_equivalence" time="0.001" /><testcase classname="tests.test_m15_mechanism_ablations" name="test_frozen_m15_protocol_identity_and_budgets" time="0.000" /><testcase classname="tests.test_m15_mechanism_ablations" name="test_fp32_search_state_is_not_int8_and_roundtrips_zero_root" time="0.004" /><testcase classname="tests.test_m15_mechanism_ablations" name="test_int8_search_state_retains_native_storage_contract" time="0.004" /><testcase classname="tests.test_m15_mechanism_ablations" name="test_terminal_guard_blocks_expansion_of_known_valid_node" time="0.004" /><testcase classname="tests.test_m15_mechanism_ablations" name="test_beta_selection_uses_regression_then_success_then_latency" time="0.041" /><testcase classname="tests.test_m15_mechanism_ablations" name="test_h1_support_rule_is_strict_and_fp32_can_disconfirm" time="0.000" /><testcase classname="tests.test_m15_mechanism_ablations" name="test_vq_module_no_longer_claims_arbitrary_depth_trajectory_bound" time="0.000" /><testcase classname="tests.test_m15_mechanism_ablations" name="test_vq_covering_radius_is_only_local_projection_error" time="0.001" /><testcase classname="tests.test_m15_mechanism_ablations" name="test_ensemble_uncertainty_is_not_claimed_as_ood_guarantee" time="0.000" /><testcase classname="tests.test_m15_mechanism_ablations" name="test_overall_acceptance_needs_confirmed_mechanism" time="0.000" /><testcase classname="tests.test_m15_theory_claims" name="test_m15_theory_claims_are_qualified_in_public_sources" time="0.001" /><testcase classname="tests.test_m16_contracts" name="test_ancestor_closure_catches_same_content_different_ids" time="0.001" /><testcase classname="tests.test_m16_contracts" name="test_group_overlap_is_excluded_even_with_different_final_content" time="0.000" /><testcase classname="tests.test_m16_contracts" name="test_manifest_hash_and_inventory_are_checked" time="0.000" /><testcase classname="tests.test_m16_contracts" name="test_missing_split_cannot_silently_be_an_empty_consumed_dataset" time="0.000" /><testcase classname="tests.test_m16_contracts" name="test_missing_parent_cycles_and_unknown_roots_fail_closed" time="0.000" /><testcase classname="tests.test_m16_contracts" name="test_data_free_ancestor_and_explicit_development_exclusion" time="0.000" /><testcase classname="tests.test_m16_contracts" name="test_generator_excludes_ancestral_content_without_changing_legacy_recipe" time="0.024" /><testcase classname="tests.test_m16_contracts" name="test_improvement_cannot_be_silently_used_as_absolute_value" time="0.000" /><testcase classname="tests.test_m16_contracts" name="test_contract_is_bound_to_source_and_transition" time="0.000" /><testcase classname="tests.test_m16_contracts" name="test_budget_contract_requires_correct_policy_and_horizon" time="0.000" /><testcase classname="tests.test_m16_contracts" name="test_nonfinite_or_misspecified_values_rejected[nan]" time="0.000" /><testcase classname="tests.test_m16_contracts" name="test_nonfinite_or_misspecified_values_rejected[inf]" time="0.000" /><testcase classname="tests.test_m16_contracts" name="test_nonfinite_or_misspecified_values_rejected[-0.1]" time="0.000" /><testcase classname="tests.test_m16_contracts" name="test_nonfinite_or_misspecified_values_rejected[1.1]" time="0.000" /><testcase classname="tests.test_m16_contracts" name="test_valid_answer_wins_even_when_every_invalid_proxy_is_maximum" time="0.000" /><testcase classname="tests.test_m16_contracts" name="test_prefix_is_charged_and_edges_are_not_generated_twice" time="0.000" /><testcase classname="tests.test_m16_contracts" name="test_prefix_cannot_exceed_shared_budget" time="0.000" /><testcase classname="tests.test_m16_contracts" name="test_deadline_exhausted_during_initialization_returns_no_unchecked_fallback" time="0.000" /><testcase classname="tests.test_m16_contracts" name="test_checker_rejects_soft_scores_instead_of_coercing_to_true" time="0.000" /><testcase classname="tests.test_m16_contracts" name="test_incumbent_cannot_lose_validity_under_all_small_candidate_orders" time="0.001" /><testcase classname="tests.test_m16_contracts" name="test_fixed_pool_decomposition_and_zero_coverage" time="0.000" /><testcase classname="tests.test_m16_contracts" name="test_missing_battery_sysfs_uses_policy_default_without_claiming_measurement" time="0.000" /><testcase classname="tests.test_m16_contracts" name="test_paired_cost_statistic_uses_common_seed_and_example_indices" time="0.066" /><testcase classname="tests.test_m16_contracts" name="test_fixed_candidate_pool_is_reference_free_and_has_shared_target_states" time="0.054" /><testcase classname="tests.test_m16_contracts" name="test_microbatch_preserves_deterministic_trm_mean_loss_and_gradients" time="0.035" /><testcase classname="tests.test_m16_native" name="test_native_handle_bit_exact_to_checked_operator_and_owns_storage" time="0.016" /><testcase classname="tests.test_m16_native" name="test_native_handle_rejects_malformed_weights[reserved]" time="0.001" /><testcase classname="tests.test_m16_native" name="test_native_handle_rejects_malformed_weights[padding]" time="0.001" /><testcase classname="tests.test_m16_native" name="test_native_handle_rejects_malformed_weights[scale]" time="0.001" /><testcase classname="tests.test_m16_native" name="test_native_handle_rejects_malformed_weights[bias]" time="0.001" /><testcase classname="tests.test_m16_native" name="test_native_handle_rejects_malformed_weights[shape]" time="0.001" /><testcase classname="tests.test_m16_native" name="test_native_handle_input_check_is_not_bypassed" time="0.001" /><testcase classname="tests.test_m16_native" name="test_validated_whole_runtime_preserves_all_steps_and_work" time="0.022" /><testcase classname="tests.test_m16_native" name="test_native_checker_matches_independent_numpy_and_torch_on_mutations" time="0.121" /><testcase classname="tests.test_m16_native" name="test_native_checker_invalid_givens_cannot_be_hidden_by_clamping" time="0.000" /><testcase classname="tests.test_m16_native" name="test_native_decode_matches_first_argmax_and_owns_puzzle" time="0.001" /><testcase classname="tests.test_m16_native" name="test_native_semantic_exit_matches_original_step_and_answer" time="0.016" /><testcase classname="tests.test_m16_value_loading" name="test_typed_wrapper_preserves_initialized_neural_body" time="0.007" /><testcase classname="tests.test_m16_value_loading" name="test_loader_binds_target_weights_and_independent_core_identity" time="0.011" /><testcase classname="tests.test_m16_value_loading" name="test_malformed_checkpoint_cannot_be_silently_adapted[format]" time="0.007" /><testcase classname="tests.test_m16_value_loading" name="test_malformed_checkpoint_cannot_be_silently_adapted[architecture]" time="0.007" /><testcase classname="tests.test_m16_value_loading" name="test_malformed_checkpoint_cannot_be_silently_adapted[data_ancestry]" time="0.006" /><testcase classname="tests.test_m16_value_loading" name="test_malformed_checkpoint_cannot_be_silently_adapted[model_state]" time="0.008" /><testcase classname="tests.test_m16_value_loading" name="test_malformed_checkpoint_cannot_be_silently_adapted[unknown]" time="0.006" /><testcase classname="tests.test_m16_value_loading" name="test_improvement_loading_requires_diagnostic_opt_in" time="0.011" /><testcase classname="tests.test_m17_experiment_contracts" name="test_frozen_m17_parameters_and_never_using_reserved_seeds_in_fixtures" time="0.000" /><testcase classname="tests.test_m17_experiment_contracts" name="test_small_core_fit_pool_targets_and_value_roundtrip" time="1.257" /><testcase classname="tests.test_m17_experiment_contracts" name="test_checked_search_and_bfs_are_charged_and_independently_correct" time="0.062" /><testcase classname="tests.test_m17_experiment_contracts" name="test_closed_summary_uses_three_round_medians_not_repeated_correctness_trials" time="0.001" /><testcase classname="tests.test_m17_experiment_contracts" name="test_closed_summary_rejects_unpaired_or_unstable_answers_and_regression" time="0.001" /><testcase classname="tests.test_m17_fixed_pool" name="test_perfect_improvement_counterexample_and_coverage_identity" time="0.002" /><testcase classname="tests.test_m17_fixed_pool" name="test_no_coverage_does_not_turn_into_selection_success" time="0.001" /><testcase classname="tests.test_m17_fixed_pool" name="test_stored_selections_are_recomputed_not_trusted" time="0.001" /><testcase classname="tests.test_m17_fixed_pool" name="test_paired_bootstrap_requires_common_unique_model_examples" time="0.001" /><testcase classname="tests.test_m17_fixed_pool" name="test_malformed_pool_rejected[bad_flag]" time="0.000" /><testcase classname="tests.test_m17_fixed_pool" name="test_malformed_pool_rejected[nan]" time="0.000" /><testcase classname="tests.test_m17_fixed_pool" name="test_malformed_pool_rejected[outside]" time="0.000" /><testcase classname="tests.test_m17_fixed_pool" name="test_malformed_pool_rejected[wrong_shape]" time="0.000" /><testcase classname="tests.test_m17_fixed_pool" name="test_malformed_pool_rejected[duplicate]" time="0.000" /><testcase classname="tests.test_m17_fixed_pool" name="test_malformed_pool_rejected[missing_depth]" time="0.000" /><testcase classname="tests.test_m17_fixed_pool" name="test_malformed_pool_rejected[bad_event]" time="0.000" /><testcase classname="tests.test_m17_fixed_pool" name="test_ties_are_first_candidate_and_protocol_thresholds_are_fixed" time="0.000" /><testcase classname="tests.test_m17_native_maze" name="test_native_generated_maze_parity[3-5]" time="0.009" /><testcase classname="tests.test_m17_native_maze" name="test_native_generated_maze_parity[5-7]" time="0.009" /><testcase classname="tests.test_m17_native_maze" name="test_native_generated_maze_parity[9-9]" time="0.011" /><testcase classname="tests.test_m17_native_maze" name="test_native_generated_maze_parity[11-11]" time="0.012" /><testcase classname="tests.test_m17_native_maze" name="test_native_maze_general_graph_optimality_is_not_assumed" time="0.001" /><testcase classname="tests.test_m17_native_maze" name="test_detached_cycle_is_not_a_valid_path" time="0.001" /><testcase classname="tests.test_m17_native_maze" name="test_maze_problem_owns_input_and_returned_answers" time="0.001" /><testcase classname="tests.test_m17_native_maze" name="test_maze_logits_restore_argmax_ties_and_check_parity" time="0.002" /><testcase classname="tests.test_m17_native_maze" name="test_maze_decode_rejects_nonfinite_even_at_immutable_cells[nan]" time="0.001" /><testcase classname="tests.test_m17_native_maze" name="test_maze_decode_rejects_nonfinite_even_at_immutable_cells[inf]" time="0.001" /><testcase classname="tests.test_m17_native_maze" name="test_maze_decode_rejects_nonfinite_even_at_immutable_cells[-inf]" time="0.001" /><testcase classname="tests.test_m17_native_maze" name="test_malformed_or_unsatisfiable_maze_is_not_certified[no_start]" time="0.001" /><testcase classname="tests.test_m17_native_maze" name="test_malformed_or_unsatisfiable_maze_is_not_certified[two_starts]" time="0.001" /><testcase classname="tests.test_m17_native_maze" name="test_malformed_or_unsatisfiable_maze_is_not_certified[bad_token]" time="0.001" /><testcase classname="tests.test_m17_native_maze" name="test_malformed_or_unsatisfiable_maze_is_not_certified[unreachable]" time="0.001" /><testcase classname="tests.test_m17_native_maze" name="test_native_maze_rejects_malformed_tensor_boundaries" time="0.001" /><testcase classname="tests.test_m17_native_maze" name="test_task_bound_native_and_reference_cycles_agree" time="0.021" /><testcase classname="tests.test_m17_native_maze" name="test_task_and_action_contract_boundaries" time="0.001" /><testcase classname="tests.test_m17_native_maze" name="test_degenerate_generator_is_rejected_before_emitting_a_bad_target" time="0.000" /><testcase classname="tests.test_m17_native_maze" name="test_native_checker_supports_distinct_endpoints_in_a_small_general_grid" time="0.001" /><testcase classname="tests.test_m17_native_maze" name="test_exhaustive_3x3_fixed_endpoint_states_match_reference" time="0.710" /><testcase classname="tests.test_m17_task_value" name="test_task_value_strict_roundtrip_and_freeze" time="0.008" /><testcase classname="tests.test_m17_task_value" name="test_task_value_rejects_wrong_bindings[hash]" time="0.003" /><testcase classname="tests.test_m17_task_value" name="test_task_value_rejects_wrong_bindings[core]" time="0.005" /><testcase classname="tests.test_m17_task_value" name="test_task_value_rejects_wrong_bindings[data]" time="0.005" /><testcase classname="tests.test_m17_task_value" name="test_task_value_rejects_wrong_bindings[task]" time="0.005" /><testcase classname="tests.test_m17_task_value" name="test_improvement_is_diagnostic_never_absolute_selector" time="0.009" /><testcase classname="tests.test_m17_task_value" name="test_content_hash_is_not_a_substitute_for_format_validation[extra]" time="0.008" /><testcase classname="tests.test_m17_task_value" name="test_content_hash_is_not_a_substitute_for_format_validation[nan]" time="0.009" /><testcase classname="tests.test_m17_task_value" name="test_content_hash_is_not_a_substitute_for_format_validation[dtype]" time="0.010" /><testcase classname="tests.test_m17_task_value" name="test_content_hash_is_not_a_substitute_for_format_validation[missing]" time="0.009" /><testcase classname="tests.test_m17_task_value" name="test_content_hash_is_not_a_substitute_for_format_validation[ancestry]" time="0.008" /><testcase classname="tests.test_m17_task_value" name="test_content_hash_is_not_a_substitute_for_format_validation[decode]" time="0.008" /><testcase classname="tests.test_m17_task_value" name="test_saving_does_not_overwrite_existing_checkpoint" time="0.004" /><testcase classname="tests.test_m17_task_value" name="test_archive_paths_do_not_escape[../a]" time="0.000" /><testcase classname="tests.test_m17_task_value" name="test_archive_paths_do_not_escape[/a]" time="0.000" /><testcase classname="tests.test_m17_task_value" name="test_archive_paths_do_not_escape[a/../../b]" time="0.000" /><testcase classname="tests.test_m17_task_value" name="test_archive_paths_do_not_escape[a\\b]" time="0.000" /><testcase classname="tests.test_m17_task_value" name="test_archive_paths_do_not_escape[]" time="0.000" /><testcase classname="tests.test_m17_task_value" name="test_archive_paths_do_not_escape[./../a]" time="0.000" /><testcase classname="tests.test_m17_task_value" name="test_canonical_tar_dot_prefix_is_normalized" time="0.000" /><testcase classname="tests.test_null_hypothesis" name="test_flop_estimator_is_monotonic" time="0.017" /><testcase classname="tests.test_null_hypothesis" name="test_iso_flop_dense_baseline_matches_target" time="0.095" /><testcase classname="tests.test_null_hypothesis" name="test_random_init_null_hypothesis_cannot_be_a_research_result" time="0.000" /><testcase classname="tests.test_prm" name="test_prm_targets_cover_intermediate_steps" time="0.297" /><testcase classname="tests.test_prm" name="test_unsupervised_prm_learns_to_score_steps" time="0.870" /><testcase classname="tests.test_recursion" name="test_shapes_and_backward" time="0.528" /><testcase classname="tests.test_recursion" name="test_effective_depth" time="0.002" /><testcase classname="tests.test_recursion" name="test_no_output_collapse" time="0.335" /><testcase classname="tests.test_recursion" name="test_states_reset_each_forward" time="0.246" /><testcase classname="tests.test_recursion" name="test_policy_improvement_loss_has_gradient" time="0.368" /><testcase classname="tests.test_rl_gae" name="test_gae_matches_hand_computation" time="0.001" /><testcase classname="tests.test_rl_gae" name="test_gae_advantages_are_per_step_not_constant" time="0.001" /><testcase classname="tests.test_rl_gae" name="test_dense_step_rewards_include_verifier_delta_and_penalties" time="0.000" /><testcase classname="tests.test_rl_gae" name="test_actor_critic_value_head_learns_returns" time="0.059" /><testcase classname="tests.test_rl_gae" name="test_dense_rollout_end_to_end_gives_per_step_grads" time="0.182" /><testcase classname="tests.test_rl_gae" name="test_target_critic_is_frozen_and_polyak_tracks" time="0.001" /><testcase classname="tests.test_rl_gae" name="test_dense_rl_is_stable_with_target_network" time="9.225" /><testcase classname="tests.test_roofline" name="test_fp32_and_ternary_share_two_ops_per_mac_convention" time="0.000" /><testcase classname="tests.test_roofline" name="test_precomputed_k_input_model_includes_activation_growth" time="0.000" /><testcase classname="tests.test_roofline" name="test_classify_is_explicit_model_not_hardware_cache_evidence" time="0.000" /><testcase classname="tests.test_roofline" name="test_roofline_report_refuses_cache_and_bandwidth_claims" time="0.000" /><testcase classname="tests.test_scaling_laws" name="test_param_budget_models_scale_with_target_smoke_only" time="0.072" /><testcase classname="tests.test_scaling_laws" name="test_smoke_scaling_grid_emits_nonresearch_energy_rows" time="1.626" /><testcase classname="tests.test_scaling_laws" name="test_smoke_grid_can_cross_random_aux_mcts_axis_without_research_label" time="1.388" /><testcase classname="tests.test_smoke" name="test_imports_and_seed" time="0.001" /><testcase classname="tests.test_smoke" name="test_config_loads_with_inheritance" time="0.004" /><testcase classname="tests.test_smoke" name="test_config_cli_override" time="0.004" /><testcase classname="tests.test_smoke" name="test_dummy_model_trains_one_step" time="0.002" /><testcase classname="tests.test_spectral" name="test_collapse_penalty_flags_degenerate_latent" time="0.001" /><testcase classname="tests.test_spectral" name="test_collapse_penalty_actively_decollapses" time="0.059" /><testcase classname="tests.test_spectral" name="test_orthogonal_init_is_orthonormal" time="0.001" /><testcase classname="tests.test_spectral" name="test_jacobian_isometry_zero_for_identity_positive_for_contraction" time="0.001" /><testcase classname="tests.test_spectral" name="test_jacobian_penalty_is_differentiable" time="0.001" /><testcase classname="tests.test_stability" name="test_ema_tracks_and_restores" time="0.001" /><testcase classname="tests.test_stability" name="test_distillation_updates_student_only" time="0.207" /><testcase classname="tests.test_stability" name="test_trainer_smoke_runs_without_collapse" time="4.516" /><testcase classname="tests.test_sudoku_symmetry" name="test_spatial_group_equals_independent_generator_closure" time="0.013" /><testcase classname="tests.test_sudoku_symmetry" name="test_canonical_matches_all_3072_explicit_transformations" time="0.538" /><testcase classname="tests.test_sudoku_symmetry" name="test_witness_is_complete_bijection_and_roundtrips[board0]" time="0.001" /><testcase classname="tests.test_sudoku_symmetry" name="test_witness_is_complete_bijection_and_roundtrips[board1]" time="0.001" /><testcase classname="tests.test_sudoku_symmetry" name="test_witness_is_complete_bijection_and_roundtrips[board2]" time="0.001" /><testcase classname="tests.test_sudoku_symmetry" name="test_witness_is_complete_bijection_and_roundtrips[board3]" time="0.001" /><testcase classname="tests.test_sudoku_symmetry" name="test_rejects_wrong_geometry_dtype_and_symbols[board0]" time="0.000" /><testcase classname="tests.test_sudoku_symmetry" name="test_rejects_wrong_geometry_dtype_and_symbols[board1]" time="0.000" /><testcase classname="tests.test_sudoku_symmetry" name="test_rejects_wrong_geometry_dtype_and_symbols[board2]" time="0.000" /><testcase classname="tests.test_sudoku_symmetry" name="test_rejects_wrong_geometry_dtype_and_symbols[board3]" time="0.000" /><testcase classname="tests.test_sudoku_symmetry" name="test_rejects_wrong_geometry_dtype_and_symbols[board4]" time="0.000" /><testcase classname="tests.test_sudoku_symmetry" name="test_rejects_wrong_geometry_dtype_and_symbols[board5]" time="0.000" /><testcase classname="tests.test_sudoku_symmetry" name="test_different_clue_counts_do_not_collapse" time="0.001" /><testcase classname="tests.test_sudoku_symmetry" name="test_training_only_lookup_restores_solution_and_abstains" time="0.002" /><testcase classname="tests.test_sudoku_symmetry" name="test_legacy_default_recipe_and_manifest_unchanged" time="0.083" /><testcase classname="tests.test_sudoku_symmetry" name="test_symmetry_grouped_splits_and_existing_ancestry_close_over_orbits" time="0.437" /><testcase classname="tests.test_sudoku_symmetry" name="test_augmentation_stays_inside_declared_orbit" time="0.042" /><testcase classname="tests.test_sudoku_symmetry" name="test_policy_rejects_unknown_or_unsupported_geometry" time="0.008" /><testcase classname="tests.test_sudoku_symmetry" name="test_equivalent_resampling_cannot_cross_split_or_escape_retry_limit" time="0.002" /><testcase classname="tests.test_sudoku_symmetry" name="test_wrong_augmentation_cannot_silently_change_declared_group" time="0.001" /><testcase classname="tests.test_telemetry" name="test_chrome_tracer_emits_python_and_cpp_lanes" time="0.001" /><testcase classname="tests.test_telemetry" name="test_policy_kl_matches_manual_and_is_nonnegative" time="0.001" /><testcase classname="tests.test_telemetry" name="test_log_mcts_policy_writes_kl" time="0.156" /><testcase classname="tests.test_telemetry" name="test_extract_deepest_attention_rows_are_softmax[False]" time="0.012" /><testcase classname="tests.test_telemetry" name="test_extract_deepest_attention_rows_are_softmax[True]" time="0.023" /><testcase classname="tests.test_telemetry" name="test_log_connectivity_npz_roundtrip" time="0.003" /><testcase classname="tests.test_telemetry" name="test_torch_profiler_exports_chrome_trace" time="0.002" /><testcase classname="tests.test_ternary_trm" name="test_ternary_core_structure" time="0.284" /><testcase classname="tests.test_verifier" name="test_sudoku_verifier_ranks_correct_above_wrong" time="0.033" /><testcase classname="tests.test_verifier" name="test_maze_score_rewards_valid_overlay" time="0.002" /><testcase classname="tests.test_verifier" name="test_arc_soft_score_penalises_invalid_colors" time="0.000" /><testcase classname="tests.test_verifier" name="test_energy_verifier_forward_and_contrastive_loss" time="0.006" /><testcase classname="tests.test_verifier" name="test_hard_negatives_never_blank_and_differ" time="0.000" /><testcase classname="tests.test_verifier" name="test_select_best_picks_highest_scoring" time="0.000" /><testcase classname="tests.test_verifier" name="test_decode_candidates_includes_greedy" time="0.001" /><testcase classname="tests.test_verifier" name="test_latent_mcts_runs_and_never_worse_than_greedy" time="0.568" /></testsuite></testsuites>